<?xml version="1.0" encoding="UTF-8"?>
<robot generator="Robot 4.0.3 (Python 3.9.6 on win32)" generated="20210814 00:40:28.332" rpa="false" schemaversion="2">
<suite id="s1" name="Chatbot behavior" source="C:\Users\Eugene\Documents\GitHub\EugeneChangResola.github.io\WebbotPages\robot\Chatbot_behavior.robot">
<test id="s1-t1" name="Chat bot behavior check - SYNALIO Scenario v1 with Multiple chat window : SCENARIO FLOW">
<kw name="Open Browser" library="Selenium2Library">
<arg>https://eugenechangresola.github.io/WebbotPages/STG/AUTO/MessageType/</arg>
<arg>Chrome</arg>
<doc>Opens a new browser instance to the optional ``url``.</doc>
<msg timestamp="20210814 00:40:28.549" level="INFO">Opening browser 'Chrome' to base url 'https://eugenechangresola.github.io/WebbotPages/STG/AUTO/MessageType/'.</msg>
<status status="PASS" starttime="20210814 00:40:28.548" endtime="20210814 00:40:30.665"/>
</kw>
<kw name="Wait Until Element Is Visible" library="Selenium2Library">
<arg>id=divtitle</arg>
<doc>Waits until the element ``locator`` is visible.</doc>
<status status="PASS" starttime="20210814 00:40:30.666" endtime="20210814 00:40:30.722"/>
</kw>
<kw name="Wait Until Page Contains Element" library="Selenium2Library">
<arg>id=synalio-iframe</arg>
<doc>Waits until the element ``locator`` appears on the current page.</doc>
<status status="PASS" starttime="20210814 00:40:30.722" endtime="20210814 00:40:30.740"/>
</kw>
<kw name="Select Frame" library="Selenium2Library">
<arg>id=synalio-iframe</arg>
<doc>Sets frame identified by ``locator`` as the current frame.</doc>
<msg timestamp="20210814 00:40:30.741" level="INFO">Selecting frame 'id=synalio-iframe'.</msg>
<status status="PASS" starttime="20210814 00:40:30.740" endtime="20210814 00:40:30.787"/>
</kw>
<kw name="Wait Until Element Is Visible" library="Selenium2Library">
<arg>css=body &gt; div.window-box</arg>
<doc>Waits until the element ``locator`` is visible.</doc>
<status status="PASS" starttime="20210814 00:40:30.787" endtime="20210814 00:40:31.971"/>
</kw>
<kw name="Click Element" library="Selenium2Library">
<arg>css=body &gt; div &gt; div &gt; div.header-box</arg>
<doc>Click the element identified by ``locator``.</doc>
<msg timestamp="20210814 00:40:31.972" level="INFO">Clicking element 'css=body &gt; div &gt; div &gt; div.header-box'.</msg>
<status status="PASS" starttime="20210814 00:40:31.972" endtime="20210814 00:40:32.094"/>
</kw>
<kw name="Wait Until Element Contains" library="Selenium2Library">
<arg>css=#synalio-chat-message &gt; div &gt; div.chat-block</arg>
<arg>Simpleシンプル</arg>
<doc>Waits until the element ``locator`` contains ``text``.</doc>
<status status="PASS" starttime="20210814 00:40:32.095" endtime="20210814 00:40:35.228"/>
</kw>
<kw name="Log" library="BuiltIn">
<arg>Scenario - "Simple" type message : PASSED</arg>
<doc>Logs the given message with the given level.</doc>
<msg timestamp="20210814 00:40:35.229" level="INFO">Scenario - "Simple" type message : PASSED</msg>
<status status="PASS" starttime="20210814 00:40:35.229" endtime="20210814 00:40:35.229"/>
</kw>
<kw name="Click Element" library="Selenium2Library">
<arg>xpath=//*[@id="synalio-chat-message"]/div/div[3]/span[contains(text(),'テキスト')]</arg>
<doc>Click the element identified by ``locator``.</doc>
<msg timestamp="20210814 00:40:35.235" level="INFO">Clicking element 'xpath=//*[@id="synalio-chat-message"]/div/div[3]/span[contains(text(),'テキスト')]'.</msg>
<status status="PASS" starttime="20210814 00:40:35.235" endtime="20210814 00:40:35.353"/>
</kw>
<kw name="Wait Until Element Contains" library="Selenium2Library">
<arg>css=#synalio-chat-message &gt; div:nth-child(3) &gt; div.chat-block</arg>
<arg>Textテキスト</arg>
<doc>Waits until the element ``locator`` contains ``text``.</doc>
<status status="PASS" starttime="20210814 00:40:35.354" endtime="20210814 00:40:38.093"/>
</kw>
<kw name="Log" library="BuiltIn">
<arg>Scenario - "Text" type message : PASSED</arg>
<doc>Logs the given message with the given level.</doc>
<msg timestamp="20210814 00:40:38.094" level="INFO">Scenario - "Text" type message : PASSED</msg>
<status status="PASS" starttime="20210814 00:40:38.093" endtime="20210814 00:40:38.094"/>
</kw>
<kw name="Click Element" library="Selenium2Library">
<arg>xpath=//*[@id="synalio-chat-message"]/div[3]/div[3]/span[contains(text(),'Formフォーム')]</arg>
<doc>Click the element identified by ``locator``.</doc>
<msg timestamp="20210814 00:40:38.094" level="INFO">Clicking element 'xpath=//*[@id="synalio-chat-message"]/div[3]/div[3]/span[contains(text(),'Formフォーム')]'.</msg>
<status status="PASS" starttime="20210814 00:40:38.094" endtime="20210814 00:40:38.191"/>
</kw>
<kw name="Wait Until Element Contains" library="Selenium2Library">
<arg>css=#input &gt; div.chat-form-group.row.form-element &gt; div &gt; label</arg>
<arg>Formフォーム:</arg>
<doc>Waits until the element ``locator`` contains ``text``.</doc>
<status status="PASS" starttime="20210814 00:40:38.192" endtime="20210814 00:40:41.015"/>
</kw>
<kw name="Log" library="BuiltIn">
<arg>Scenario - "Form" type message : PASSED</arg>
<doc>Logs the given message with the given level.</doc>
<msg timestamp="20210814 00:40:41.016" level="INFO">Scenario - "Form" type message : PASSED</msg>
<status status="PASS" starttime="20210814 00:40:41.016" endtime="20210814 00:40:41.016"/>
</kw>
<kw name="Click Element" library="Selenium2Library">
<arg>xpath=//*[@id="synalio-chat-message"]/div[5]/div[3]/span[contains(text(),'Scriptスクリプト')]</arg>
<doc>Click the element identified by ``locator``.</doc>
<msg timestamp="20210814 00:40:41.017" level="INFO">Clicking element 'xpath=//*[@id="synalio-chat-message"]/div[5]/div[3]/span[contains(text(),'Scriptスクリプト')]'.</msg>
<status status="PASS" starttime="20210814 00:40:41.016" endtime="20210814 00:40:41.127"/>
</kw>
<kw name="Handle Alert" library="Selenium2Library">
<doc>Handles the current alert and returns its message.</doc>
<msg timestamp="20210814 00:40:41.128" level="INFO">HANDLE::&lt;class 'NoneType'&gt;::None</msg>
<status status="PASS" starttime="20210814 00:40:41.128" endtime="20210814 00:40:41.639"/>
</kw>
<kw name="Wait Until Element Contains" library="Selenium2Library">
<arg>css=#synalio-chat-message &gt; div:nth-child(6) &gt; div.chat-block</arg>
<arg>Scriptスクリプト</arg>
<doc>Waits until the element ``locator`` contains ``text``.</doc>
<status status="PASS" starttime="20210814 00:40:41.640" endtime="20210814 00:40:44.199"/>
</kw>
<kw name="Log" library="BuiltIn">
<arg>Scenariop - "Script" type message : PASSED</arg>
<doc>Logs the given message with the given level.</doc>
<msg timestamp="20210814 00:40:44.201" level="INFO">Scenariop - "Script" type message : PASSED</msg>
<status status="PASS" starttime="20210814 00:40:44.200" endtime="20210814 00:40:44.201"/>
</kw>
<kw name="Click Element" library="Selenium2Library">
<arg>xpath=//*[@id="synalio-chat-message"]/div[6]/div[3]/span[contains(text(),'Carouselカルーセル')]</arg>
<doc>Click the element identified by ``locator``.</doc>
<msg timestamp="20210814 00:40:44.201" level="INFO">Clicking element 'xpath=//*[@id="synalio-chat-message"]/div[6]/div[3]/span[contains(text(),'Carouselカルーセル')]'.</msg>
<status status="PASS" starttime="20210814 00:40:44.201" endtime="20210814 00:40:44.288"/>
</kw>
<kw name="Wait Until Element Contains" library="Selenium2Library">
<arg>css=#swiper-container-1 &gt; li &gt; div.inner-body-box &gt; div.text-block &gt; p.main-text</arg>
<arg>Carouselカルーセル</arg>
<doc>Waits until the element ``locator`` contains ``text``.</doc>
<status status="PASS" starttime="20210814 00:40:44.288" endtime="20210814 00:40:44.977"/>
</kw>
<kw name="Log" library="BuiltIn">
<arg>Scenario - "Carousel" type message : PASSED</arg>
<doc>Logs the given message with the given level.</doc>
<msg timestamp="20210814 00:40:44.978" level="INFO">Scenario - "Carousel" type message : PASSED</msg>
<status status="PASS" starttime="20210814 00:40:44.978" endtime="20210814 00:40:44.978"/>
</kw>
<kw name="Click Element" library="Selenium2Library">
<arg>xpath=//*[@id="swiper-container-1"]/li/div[2]/div[2]/div[1]/span[contains(text(),'ホーム')]</arg>
<doc>Click the element identified by ``locator``.</doc>
<msg timestamp="20210814 00:40:44.979" level="INFO">Clicking element 'xpath=//*[@id="swiper-container-1"]/li/div[2]/div[2]/div[1]/span[contains(text(),'ホーム')]'.</msg>
<status status="PASS" starttime="20210814 00:40:44.979" endtime="20210814 00:40:45.071"/>
</kw>
<kw name="Wait Until Element Contains" library="Selenium2Library">
<arg>css=#synalio-chat-message &gt; div:nth-child(10) &gt; div.chat-block</arg>
<arg>Simpleシンプル</arg>
<doc>Waits until the element ``locator`` contains ``text``.</doc>
<status status="PASS" starttime="20210814 00:40:45.071" endtime="20210814 00:40:48.033"/>
</kw>
<kw name="Click Element" library="Selenium2Library">
<arg>css=#btn-open-close</arg>
<doc>Click the element identified by ``locator``.</doc>
<msg timestamp="20210814 00:40:48.034" level="INFO">Clicking element 'css=#btn-open-close'.</msg>
<status status="PASS" starttime="20210814 00:40:48.034" endtime="20210814 00:40:48.151"/>
</kw>
<kw name="Wait Until Element Is Visible" library="Selenium2Library">
<arg>css=#btn-open-close</arg>
<doc>Waits until the element ``locator`` is visible.</doc>
<status status="PASS" starttime="20210814 00:40:48.151" endtime="20210814 00:40:48.179"/>
</kw>
<kw name="Sleep" library="BuiltIn">
<arg>2</arg>
<doc>Pauses the test executed for the given time.</doc>
<msg timestamp="20210814 00:40:50.194" level="INFO">Slept 2 seconds</msg>
<status status="PASS" starttime="20210814 00:40:48.181" endtime="20210814 00:40:50.194"/>
</kw>
<kw name="Click Element" library="Selenium2Library">
<arg>css=body &gt; div &gt; div.outer-box &gt; div.header-box &gt; div.inner-header-set-box &gt; div.btn-set-box</arg>
<doc>Click the element identified by ``locator``.</doc>
<msg timestamp="20210814 00:40:50.195" level="INFO">Clicking element 'css=body &gt; div &gt; div.outer-box &gt; div.header-box &gt; div.inner-header-set-box &gt; div.btn-set-box'.</msg>
<status status="PASS" starttime="20210814 00:40:50.195" endtime="20210814 00:40:50.278"/>
</kw>
<kw name="Sleep" library="BuiltIn">
<arg>2</arg>
<doc>Pauses the test executed for the given time.</doc>
<msg timestamp="20210814 00:40:52.283" level="INFO">Slept 2 seconds</msg>
<status status="PASS" starttime="20210814 00:40:50.279" endtime="20210814 00:40:52.283"/>
</kw>
<kw name="Wait Until Element Is Visible" library="Selenium2Library">
<arg>css=div.btn-home</arg>
<doc>Waits until the element ``locator`` is visible.</doc>
<status status="PASS" starttime="20210814 00:40:52.284" endtime="20210814 00:40:52.316"/>
</kw>
<kw name="Log" library="BuiltIn">
<arg>Chat box - "Minimize and reopen" behavior : PASSED</arg>
<doc>Logs the given message with the given level.</doc>
<msg timestamp="20210814 00:40:52.317" level="INFO">Chat box - "Minimize and reopen" behavior : PASSED</msg>
<status status="PASS" starttime="20210814 00:40:52.317" endtime="20210814 00:40:52.317"/>
</kw>
<kw name="Click Element" library="Selenium2Library">
<arg>id=home-link</arg>
<doc>Click the element identified by ``locator``.</doc>
<msg timestamp="20210814 00:40:52.318" level="INFO">Clicking element 'id=home-link'.</msg>
<status status="PASS" starttime="20210814 00:40:52.318" endtime="20210814 00:40:52.404"/>
</kw>
<kw name="Wait Until Element Contains" library="Selenium2Library">
<arg>css=#synalio-chat-message &gt; div:nth-child(11) &gt; div.chat-block</arg>
<arg>Simpleシンプル</arg>
<doc>Waits until the element ``locator`` contains ``text``.</doc>
<status status="PASS" starttime="20210814 00:40:52.404" endtime="20210814 00:40:55.572"/>
</kw>
<kw name="Log" library="BuiltIn">
<arg>Chat box - "Home button" behavior : PASSED</arg>
<doc>Logs the given message with the given level.</doc>
<msg timestamp="20210814 00:40:55.573" level="INFO">Chat box - "Home button" behavior : PASSED</msg>
<status status="PASS" starttime="20210814 00:40:55.573" endtime="20210814 00:40:55.574"/>
</kw>
<kw name="Close Browser" library="Selenium2Library">
<doc>Closes the current browser.</doc>
<status status="PASS" starttime="20210814 00:40:55.575" endtime="20210814 00:40:57.731"/>
</kw>
<status status="PASS" starttime="20210814 00:40:28.547" endtime="20210814 00:40:57.732"/>
</test>
<test id="s1-t2" name="Chat bot behavior check - SYNALIO Scenario v1 with Multiple chat window : ACTION">
<kw name="Open Browser" library="Selenium2Library">
<arg>https://eugenechangresola.github.io/WebbotPages/STG/AUTO/MessageType/</arg>
<arg>Chrome</arg>
<doc>Opens a new browser instance to the optional ``url``.</doc>
<msg timestamp="20210814 00:40:57.735" level="INFO">Opening browser 'Chrome' to base url 'https://eugenechangresola.github.io/WebbotPages/STG/AUTO/MessageType/'.</msg>
<status status="PASS" starttime="20210814 00:40:57.735" endtime="20210814 00:40:59.586"/>
</kw>
<kw name="Sleep 10">
<msg timestamp="20210814 00:40:59.592" level="FAIL">No keyword with name 'Sleep 10' found. Did you mean:
    BuiltIn.Sleep</msg>
<status status="FAIL" starttime="20210814 00:40:59.592" endtime="20210814 00:40:59.592"/>
</kw>
<kw name="Close Browser" library="Selenium2Library">
<doc>Closes the current browser.</doc>
<status status="NOT RUN" starttime="20210814 00:40:59.593" endtime="20210814 00:40:59.593"/>
</kw>
<status status="FAIL" starttime="20210814 00:40:57.734" endtime="20210814 00:40:59.594">No keyword with name 'Sleep 10' found. Did you mean:
    BuiltIn.Sleep</status>
</test>
<status status="FAIL" starttime="20210814 00:40:28.334" endtime="20210814 00:40:59.598"/>
</suite>
<statistics>
<total>
<stat pass="1" fail="1" skip="0">All Tests</stat>
</total>
<tag>
</tag>
<suite>
<stat pass="1" fail="1" skip="0" id="s1" name="Chatbot behavior">Chatbot behavior</stat>
</suite>
</statistics>
<errors>
</errors>
</robot>
