{
  "stats": {
    "suites": 1,
    "tests": 1,
    "passes": 0,
    "pending": 0,
    "failures": 1,
    "start": "2021-04-07T04:58:36.157Z",
    "end": "2021-04-07T04:58:40.631Z",
    "duration": 4474,
    "testsRegistered": 1,
    "passPercent": 0,
    "pendingPercent": 0,
    "other": 0,
    "hasOther": false,
    "skipped": 0,
    "hasSkipped": false
  },
  "results": [
    {
      "uuid": "343e8690-48f1-49b6-b067-a2c8419656b1",
      "title": "",
      "fullFile": "cypress\\integration\\examples\\Eugene.spec.js",
      "file": "cypress\\integration\\examples\\Eugene.spec.js",
      "beforeHooks": [],
      "afterHooks": [],
      "tests": [],
      "suites": [
        {
          "uuid": "7fb85478-4b9a-435d-9807-41709a7f5a71",
          "title": "テストケース",
          "fullFile": "",
          "file": "",
          "beforeHooks": [],
          "afterHooks": [],
          "tests": [
            {
              "title": "自分テスト用",
              "fullTitle": "テストケース 自分テスト用",
              "timedOut": null,
              "duration": 2542,
              "state": "failed",
              "speed": null,
              "pass": false,
              "fail": true,
              "pending": false,
              "context": "[\n  \"../screenshots/examples/Eugene.spec.js/テストケース -- 自分テスト用 (failed).png\",\n  \"../videos/examples/Eugene.spec.js.mp4\"\n]",
              "code": "//cy.visit('https://pep.stg.resola.net/user/login')\n//cy.get('input[name=username]').type('y.chou+stg_pep_owner@resola.ai')\n//cy.get('input[name=password]').type('Qa12345678')\n//cy.get('input').contains('ログイン').click()\n//getIframeBody().find('[name=\"window-box\"]').should('exist')\ngetIframeBody().find('.inner-box-btn-box').click();\ngetIframeBody().contains('対話ノード with feedback').click();\ngetIframeBody().contains('Mail here').should('exist');\nscreenshots();",
              "err": {
                "message": "ReferenceError: screenshots is not defined",
                "estack": "ReferenceError: screenshots is not defined\n    at Context.eval (https://eugenechangresola.github.io/__cypress/tests?p=cypress\\integration\\examples\\Eugene.spec.js:116:5)",
                "diff": null
              },
              "uuid": "1c9502d0-8bb0-42bd-b7e5-63171ffd5ad0",
              "parentUUID": "7fb85478-4b9a-435d-9807-41709a7f5a71",
              "isHook": false,
              "skipped": false
            }
          ],
          "suites": [],
          "passes": [],
          "failures": [
            "1c9502d0-8bb0-42bd-b7e5-63171ffd5ad0"
          ],
          "pending": [],
          "skipped": [],
          "duration": 2542,
          "root": false,
          "rootEmpty": false,
          "_timeout": 2000
        }
      ],
      "passes": [],
      "failures": [],
      "pending": [],
      "skipped": [],
      "duration": 0,
      "root": true,
      "rootEmpty": true,
      "_timeout": 2000
    }
  ],
  "meta": {
    "mocha": {
      "version": "7.0.1"
    },
    "mochawesome": {
      "options": {
        "quiet": false,
        "reportFilename": "mochawesome",
        "saveHtml": true,
        "saveJson": true,
        "consoleReporter": "spec",
        "useInlineDiffs": false,
        "code": true
      },
      "version": "6.2.2"
    },
    "marge": {
      "options": {
        "reportDir": "cypress/reports",
        "overwrite": false,
        "html": true,
        "json": true
      },
      "version": "5.2.0"
    }
  }
}