{
  "stats": {
    "suites": 1,
    "tests": 4,
    "passes": 4,
    "pending": 0,
    "failures": 0,
    "start": "2021-04-07T04:53:05.574Z",
    "end": "2021-04-07T04:53:33.206Z",
    "duration": 27632,
    "testsRegistered": 4,
    "passPercent": 100,
    "pendingPercent": 0,
    "other": 0,
    "hasOther": false,
    "skipped": 0,
    "hasSkipped": false
  },
  "results": [
    {
      "uuid": "bc7379b4-a376-44f8-a48f-95a692b1df3c",
      "title": "",
      "fullFile": "cypress\\integration\\examples\\Eugene_test.js",
      "file": "cypress\\integration\\examples\\Eugene_test.js",
      "beforeHooks": [],
      "afterHooks": [],
      "tests": [],
      "suites": [
        {
          "uuid": "8675afd3-21c8-478a-bce1-1ec021170397",
          "title": "My First Test",
          "fullFile": "",
          "file": "",
          "beforeHooks": [],
          "afterHooks": [],
          "tests": [
            {
              "title": "visit a website",
              "fullTitle": "My First Test visit a website",
              "timedOut": null,
              "duration": 4384,
              "state": "passed",
              "speed": "slow",
              "pass": true,
              "fail": false,
              "pending": false,
              "context": "[\n  \"../screenshots/examples/Eugene_test.js/My First Test -- visit a website (failed).png\",\n  \"../videos/examples/Eugene_test.js.mp4\"\n]",
              "code": "cy.visit('https://eugenetest.web.fc2.com/DEV/');",
              "err": {},
              "uuid": "0fcb3754-53f6-4e58-9d3e-8ef4ea735086",
              "parentUUID": "8675afd3-21c8-478a-bce1-1ec021170397",
              "isHook": false,
              "skipped": false
            },
            {
              "title": "wait for a second",
              "fullTitle": "My First Test wait for a second",
              "timedOut": null,
              "duration": 5087,
              "state": "passed",
              "speed": "slow",
              "pass": true,
              "fail": false,
              "pending": false,
              "context": "[\n  \"../screenshots/examples/Eugene_test.js/My First Test -- wait for a second (failed).png\",\n  \"../videos/examples/Eugene_test.js.mp4\"\n]",
              "code": "cy.wait(5000);",
              "err": {},
              "uuid": "50efc103-8042-4e59-9ffd-074ebd4a3696",
              "parentUUID": "8675afd3-21c8-478a-bce1-1ec021170397",
              "isHook": false,
              "skipped": false
            },
            {
              "title": "go to youtube",
              "fullTitle": "My First Test go to youtube",
              "timedOut": null,
              "duration": 7960,
              "state": "passed",
              "speed": "slow",
              "pass": true,
              "fail": false,
              "pending": false,
              "context": "[\n  \"../screenshots/examples/Eugene_test.js/My First Test -- go to youtube (failed).png\",\n  \"../videos/examples/Eugene_test.js.mp4\"\n]",
              "code": "cy.visit('https://www.youtube.co.jp');",
              "err": {},
              "uuid": "d9d86074-c379-43c1-98fd-d265c8541527",
              "parentUUID": "8675afd3-21c8-478a-bce1-1ec021170397",
              "isHook": false,
              "skipped": false
            },
            {
              "title": "wait for a second",
              "fullTitle": "My First Test wait for a second",
              "timedOut": null,
              "duration": 5316,
              "state": "passed",
              "speed": "slow",
              "pass": true,
              "fail": false,
              "pending": false,
              "context": "[\n  \"../screenshots/examples/Eugene_test.js/My First Test -- wait for a second (failed).png\",\n  \"../videos/examples/Eugene_test.js.mp4\"\n]",
              "code": "cy.wait(5000);",
              "err": {},
              "uuid": "a8dfeafe-91c4-48fe-8485-a7accfb87f65",
              "parentUUID": "8675afd3-21c8-478a-bce1-1ec021170397",
              "isHook": false,
              "skipped": false
            }
          ],
          "suites": [],
          "passes": [
            "0fcb3754-53f6-4e58-9d3e-8ef4ea735086",
            "50efc103-8042-4e59-9ffd-074ebd4a3696",
            "d9d86074-c379-43c1-98fd-d265c8541527",
            "a8dfeafe-91c4-48fe-8485-a7accfb87f65"
          ],
          "failures": [],
          "pending": [],
          "skipped": [],
          "duration": 22747,
          "root": false,
          "rootEmpty": false,
          "_timeout": 2000
        }
      ],
      "passes": [],
      "failures": [],
      "pending": [],
      "skipped": [],
      "duration": 0,
      "root": true,
      "rootEmpty": true,
      "_timeout": 2000
    }
  ],
  "meta": {
    "mocha": {
      "version": "7.0.1"
    },
    "mochawesome": {
      "options": {
        "quiet": false,
        "reportFilename": "mochawesome",
        "saveHtml": true,
        "saveJson": true,
        "consoleReporter": "spec",
        "useInlineDiffs": false,
        "code": true
      },
      "version": "6.2.2"
    },
    "marge": {
      "options": {
        "reportDir": "cypress/reports",
        "overwrite": false,
        "html": true,
        "json": true
      },
      "version": "5.2.0"
    }
  }
}