{
  "stats": {
    "suites": 1,
    "tests": 1,
    "passes": 1,
    "pending": 0,
    "failures": 0,
    "start": "2021-04-07T05:01:42.637Z",
    "end": "2021-04-07T05:01:50.488Z",
    "duration": 7851,
    "testsRegistered": 1,
    "passPercent": 100,
    "pendingPercent": 0,
    "other": 0,
    "hasOther": false,
    "skipped": 0,
    "hasSkipped": false
  },
  "results": [
    {
      "uuid": "cc5efe68-98ab-4635-9965-564bb570c253",
      "title": "",
      "fullFile": "cypress\\integration\\examples\\Eugene.spec.js",
      "file": "cypress\\integration\\examples\\Eugene.spec.js",
      "beforeHooks": [],
      "afterHooks": [],
      "tests": [],
      "suites": [
        {
          "uuid": "71a94ad0-69ea-4c13-852b-67b3242dd30d",
          "title": "テストケース",
          "fullFile": "",
          "file": "",
          "beforeHooks": [],
          "afterHooks": [],
          "tests": [
            {
              "title": "自分テスト用",
              "fullTitle": "テストケース 自分テスト用",
              "timedOut": null,
              "duration": 5346,
              "state": "passed",
              "speed": "slow",
              "pass": true,
              "fail": false,
              "pending": false,
              "context": "[\n  \"../screenshots/examples/Eugene.spec.js/テストケース -- 自分テスト用 (failed).png\",\n  \"../videos/examples/Eugene.spec.js.mp4\"\n]",
              "code": "//cy.visit('https://pep.stg.resola.net/user/login')\n//cy.get('input[name=username]').type('y.chou+stg_pep_owner@resola.ai')\n//cy.get('input[name=password]').type('Qa12345678')\n//cy.get('input').contains('ログイン').click()\n//getIframeBody().find('[name=\"window-box\"]').should('exist')\ngetIframeBody().find('.inner-box-btn-box').click();\ngetIframeBody().contains('対話ノード with feedback').click();\ngetIframeBody().contains('Mail here').should('exist');",
              "err": {},
              "uuid": "796f2060-84e8-46da-b57c-33b3e5c3dad6",
              "parentUUID": "71a94ad0-69ea-4c13-852b-67b3242dd30d",
              "isHook": false,
              "skipped": false
            }
          ],
          "suites": [],
          "passes": [
            "796f2060-84e8-46da-b57c-33b3e5c3dad6"
          ],
          "failures": [],
          "pending": [],
          "skipped": [],
          "duration": 5346,
          "root": false,
          "rootEmpty": false,
          "_timeout": 2000
        }
      ],
      "passes": [],
      "failures": [],
      "pending": [],
      "skipped": [],
      "duration": 0,
      "root": true,
      "rootEmpty": true,
      "_timeout": 2000
    }
  ],
  "meta": {
    "mocha": {
      "version": "7.0.1"
    },
    "mochawesome": {
      "options": {
        "quiet": false,
        "reportFilename": "mochawesome",
        "saveHtml": true,
        "saveJson": true,
        "consoleReporter": "spec",
        "useInlineDiffs": false,
        "code": true
      },
      "version": "6.2.2"
    },
    "marge": {
      "options": {
        "reportDir": "cypress/reports",
        "overwrite": false,
        "html": true,
        "json": true
      },
      "version": "5.2.0"
    }
  }
}