{
  "stats": {
    "suites": 1,
    "tests": 4,
    "passes": 4,
    "pending": 0,
    "failures": 0,
    "start": "2021-04-07T04:45:03.878Z",
    "end": "2021-04-07T04:45:32.398Z",
    "duration": 28520,
    "testsRegistered": 4,
    "passPercent": 100,
    "pendingPercent": 0,
    "other": 0,
    "hasOther": false,
    "skipped": 0,
    "hasSkipped": false
  },
  "results": [
    {
      "uuid": "22872a38-1579-4fab-a283-7239f0f82438",
      "title": "",
      "fullFile": "cypress\\integration\\examples\\Eugene_test.js",
      "file": "cypress\\integration\\examples\\Eugene_test.js",
      "beforeHooks": [],
      "afterHooks": [],
      "tests": [],
      "suites": [
        {
          "uuid": "6aa473e6-5f1e-4c12-8236-342ae837d900",
          "title": "My First Test",
          "fullFile": "",
          "file": "",
          "beforeHooks": [],
          "afterHooks": [],
          "tests": [
            {
              "title": "visit a website",
              "fullTitle": "My First Test visit a website",
              "timedOut": null,
              "duration": 4367,
              "state": "passed",
              "speed": "slow",
              "pass": true,
              "fail": false,
              "pending": false,
              "context": null,
              "code": "cy.visit('https://eugenetest.web.fc2.com/DEV/');",
              "err": {},
              "uuid": "fbff9076-39c1-430d-9e72-53c954a24474",
              "parentUUID": "6aa473e6-5f1e-4c12-8236-342ae837d900",
              "isHook": false,
              "skipped": false
            },
            {
              "title": "wait for a second",
              "fullTitle": "My First Test wait for a second",
              "timedOut": null,
              "duration": 5101,
              "state": "passed",
              "speed": "slow",
              "pass": true,
              "fail": false,
              "pending": false,
              "context": null,
              "code": "cy.wait(5000);",
              "err": {},
              "uuid": "cec930d0-c064-4e09-827c-7e50d66ff30b",
              "parentUUID": "6aa473e6-5f1e-4c12-8236-342ae837d900",
              "isHook": false,
              "skipped": false
            },
            {
              "title": "go to youtube",
              "fullTitle": "My First Test go to youtube",
              "timedOut": null,
              "duration": 8435,
              "state": "passed",
              "speed": "slow",
              "pass": true,
              "fail": false,
              "pending": false,
              "context": null,
              "code": "cy.visit('https://www.youtube.co.jp');",
              "err": {},
              "uuid": "298dbc98-b93f-4c38-85d7-9c8e0bbba1a6",
              "parentUUID": "6aa473e6-5f1e-4c12-8236-342ae837d900",
              "isHook": false,
              "skipped": false
            },
            {
              "title": "wait for a second",
              "fullTitle": "My First Test wait for a second",
              "timedOut": null,
              "duration": 5443,
              "state": "passed",
              "speed": "slow",
              "pass": true,
              "fail": false,
              "pending": false,
              "context": null,
              "code": "cy.wait(5000);",
              "err": {},
              "uuid": "ed09eb4b-01b5-422c-8fc6-497688869005",
              "parentUUID": "6aa473e6-5f1e-4c12-8236-342ae837d900",
              "isHook": false,
              "skipped": false
            }
          ],
          "suites": [],
          "passes": [
            "fbff9076-39c1-430d-9e72-53c954a24474",
            "cec930d0-c064-4e09-827c-7e50d66ff30b",
            "298dbc98-b93f-4c38-85d7-9c8e0bbba1a6",
            "ed09eb4b-01b5-422c-8fc6-497688869005"
          ],
          "failures": [],
          "pending": [],
          "skipped": [],
          "duration": 23346,
          "root": false,
          "rootEmpty": false,
          "_timeout": 2000
        }
      ],
      "passes": [],
      "failures": [],
      "pending": [],
      "skipped": [],
      "duration": 0,
      "root": true,
      "rootEmpty": true,
      "_timeout": 2000
    }
  ],
  "meta": {
    "mocha": {
      "version": "7.0.1"
    },
    "mochawesome": {
      "options": {
        "quiet": false,
        "reportFilename": "mochawesome",
        "saveHtml": true,
        "saveJson": true,
        "consoleReporter": "spec",
        "useInlineDiffs": false,
        "code": true
      },
      "version": "6.2.2"
    },
    "marge": {
      "options": {
        "reportDir": "cypress/reports",
        "overwrite": false,
        "html": true,
        "json": true
      },
      "version": "5.2.0"
    }
  }
}