{
  "stats": {
    "suites": 1,
    "tests": 1,
    "passes": 1,
    "pending": 0,
    "failures": 0,
    "start": "2021-04-07T04:37:26.286Z",
    "end": "2021-04-07T04:37:33.799Z",
    "duration": 7513,
    "testsRegistered": 1,
    "passPercent": 100,
    "pendingPercent": 0,
    "other": 0,
    "hasOther": false,
    "skipped": 0,
    "hasSkipped": false
  },
  "results": [
    {
      "uuid": "78b26b8d-508d-43bd-91ae-58a719b907d0",
      "title": "",
      "fullFile": "cypress\\integration\\examples\\Eugene.spec.js",
      "file": "cypress\\integration\\examples\\Eugene.spec.js",
      "beforeHooks": [],
      "afterHooks": [],
      "tests": [],
      "suites": [
        {
          "uuid": "e168a385-2195-4b68-a257-0c6581da0877",
          "title": "テストケース",
          "fullFile": "",
          "file": "",
          "beforeHooks": [],
          "afterHooks": [],
          "tests": [
            {
              "title": "自分テスト用",
              "fullTitle": "テストケース 自分テスト用",
              "timedOut": null,
              "duration": 5537,
              "state": "passed",
              "speed": "slow",
              "pass": true,
              "fail": false,
              "pending": false,
              "context": null,
              "code": "//cy.visit('https://pep.stg.resola.net/user/login')\n//cy.get('input[name=username]').type('y.chou+stg_pep_owner@resola.ai')\n//cy.get('input[name=password]').type('Qa12345678')\n//cy.get('input').contains('ログイン').click()\n//getIframeBody().find('[name=\"window-box\"]').should('exist')\ngetIframeBody().find('.inner-box-btn-box').click();\ngetIframeBody().contains('対話ノード with feedback').click();\ngetIframeBody().contains('Mail here').should('exist');",
              "err": {},
              "uuid": "6d8c9453-c2b1-4413-a6cc-9737c24eded7",
              "parentUUID": "e168a385-2195-4b68-a257-0c6581da0877",
              "isHook": false,
              "skipped": false
            }
          ],
          "suites": [],
          "passes": [
            "6d8c9453-c2b1-4413-a6cc-9737c24eded7"
          ],
          "failures": [],
          "pending": [],
          "skipped": [],
          "duration": 5537,
          "root": false,
          "rootEmpty": false,
          "_timeout": 2000
        }
      ],
      "passes": [],
      "failures": [],
      "pending": [],
      "skipped": [],
      "duration": 0,
      "root": true,
      "rootEmpty": true,
      "_timeout": 2000
    }
  ],
  "meta": {
    "mocha": {
      "version": "7.0.1"
    },
    "mochawesome": {
      "options": {
        "quiet": false,
        "reportFilename": "mochawesome",
        "saveHtml": false,
        "saveJson": true,
        "consoleReporter": "spec",
        "useInlineDiffs": false,
        "code": true
      },
      "version": "6.2.2"
    },
    "marge": {
      "options": {
        "reportDir": "cypress\\reports\\.jsons",
        "overwrite": false,
        "html": false,
        "json": true
      },
      "version": "5.2.0"
    }
  }
}