{
  "stats": {
    "suites": 1,
    "tests": 1,
    "passes": 1,
    "pending": 0,
    "failures": 0,
    "start": "2021-04-07T04:08:34.860Z",
    "end": "2021-04-07T04:08:42.341Z",
    "duration": 7481,
    "testsRegistered": 1,
    "passPercent": 100,
    "pendingPercent": 0,
    "other": 0,
    "hasOther": false,
    "skipped": 0,
    "hasSkipped": false
  },
  "results": [
    {
      "uuid": "46240285-bafe-4e69-90b2-962aa37c851b",
      "title": "",
      "fullFile": "cypress\\integration\\examples\\Eugene.spec.js",
      "file": "cypress\\integration\\examples\\Eugene.spec.js",
      "beforeHooks": [],
      "afterHooks": [],
      "tests": [],
      "suites": [
        {
          "uuid": "bc7ad8ee-baa0-4826-81b6-c2f8cf210ba9",
          "title": "テストケース",
          "fullFile": "",
          "file": "",
          "beforeHooks": [],
          "afterHooks": [],
          "tests": [
            {
              "title": "自分テスト用",
              "fullTitle": "テストケース 自分テスト用",
              "timedOut": null,
              "duration": 5548,
              "state": "passed",
              "speed": "slow",
              "pass": true,
              "fail": false,
              "pending": false,
              "context": null,
              "code": "//cy.visit('https://pep.stg.resola.net/user/login')\n//cy.get('input[name=username]').type('y.chou+stg_pep_owner@resola.ai')\n//cy.get('input[name=password]').type('Qa12345678')\n//cy.get('input').contains('ログイン').click()\n//getIframeBody().find('[name=\"window-box\"]').should('exist')\ngetIframeBody().find('.inner-box-btn-box').click();\ngetIframeBody().contains('対話ノード with feedback').click();\ngetIframeBody().contains('Mail here').should('exist');",
              "err": {},
              "uuid": "ae8690dc-2697-4748-9ec2-068226dc59a0",
              "parentUUID": "bc7ad8ee-baa0-4826-81b6-c2f8cf210ba9",
              "isHook": false,
              "skipped": false
            }
          ],
          "suites": [],
          "passes": [
            "ae8690dc-2697-4748-9ec2-068226dc59a0"
          ],
          "failures": [],
          "pending": [],
          "skipped": [],
          "duration": 5548,
          "root": false,
          "rootEmpty": false,
          "_timeout": 2000
        }
      ],
      "passes": [],
      "failures": [],
      "pending": [],
      "skipped": [],
      "duration": 0,
      "root": true,
      "rootEmpty": true,
      "_timeout": 2000
    }
  ],
  "meta": {
    "mocha": {
      "version": "7.0.1"
    },
    "mochawesome": {
      "options": {
        "quiet": false,
        "reportFilename": "mochawesome",
        "saveHtml": false,
        "saveJson": true,
        "consoleReporter": "spec",
        "useInlineDiffs": false,
        "code": true
      },
      "version": "6.2.2"
    },
    "marge": {
      "options": {
        "reportDir": "cypress\\reports\\.jsons",
        "overwrite": false,
        "html": false,
        "json": true
      },
      "version": "5.2.0"
    }
  }
}